[Tue Feb 24 22:06:31 WIB 2026] Sleeping 10409s until 1:00 AM...
[Wed Feb 25 01:00:00 WIB 2026] Starting Phase 5...
## Phase 5: Jobs & Approvals — Complete

**Waves:** 3 | **Plans:** 5/5 complete | **Verification:** ✓ Passed (16/16)

| Wave | Plans | Status |
|------|-------|--------|
| 1 | 05-01 (Data foundation) | ✓ Complete |
| 2 | 05-02 (Job create/list UI), 05-03 (Job detail/timeline) | ✓ Complete |
| 3 | 05-04 (Approval queue/settings), 05-05 (Acceptance cycle) | ✓ Complete |

**What was built:**
- Job creation with multi-request linking and auto-generated JOB-YYYY-NNNN IDs
- Full job lifecycle: Create → Assign → In Progress → Complete with role-based actions
- Unified timeline with comments, photo upload, and 8+ event types
- Budget threshold approval queue for Finance Approver (approve/reject with reason)
- Requester acceptance cycle: accept/reject completed work, 1-5 star feedback
- Auto-accept cron (7-day window), company settings for budget threshold
- Sidebar navigation activated for Jobs, Approvals, and Company Settings

───────────────────────────────────────────────────────────────

## ▶ Next Up

**Phase 6: Inventory** — Asset tracking and management

`/gsd:plan-phase 6`

<sub>`/clear` first → fresh context window</sub>

───────────────────────────────────────────────────────────────

**Also available:**
- `/gsd:verify-work 5` — Manual UAT testing of jobs & approvals
- `/gsd:progress` — Check overall project progress

───────────────────────────────────────────────────────────────
[Wed Feb 25 09:39:04 WIB 2026] Starting Phase 6...
